{"D:\\ProjectPackage\\claude_code_project\\rules-kill-react\\src\\hooks\\useStorage.ts": {"path":"D:\\ProjectPackage\\claude_code_project\\rules-kill-react\\src\\hooks\\useStorage.ts","statementMap":{"0":{"start":{"line":1,"column":0},"end":{"line":1,"column":57}},"1":{"start":{"line":2,"column":0},"end":{"line":2,"column":57}},"2":{"start":{"line":16,"column":26},"end":{"line":116,"column":1}},"3":{"start":{"line":17,"column":27},"end":{"line":17,"column":63}},"4":{"start":{"line":17,"column":42},"end":{"line":17,"column":62}},"5":{"start":{"line":18,"column":36},"end":{"line":18,"column":51}},"6":{"start":{"line":19,"column":28},"end":{"line":19,"column":57}},"7":{"start":{"line":20,"column":42},"end":{"line":20,"column":87}},"8":{"start":{"line":23,"column":29},"end":{"line":26,"column":22}},"9":{"start":{"line":24,"column":18},"end":{"line":24,"column":50}},"10":{"start":{"line":25,"column":4},"end":{"line":25,"column":27}},"11":{"start":{"line":28,"column":2},"end":{"line":30,"column":27}},"12":{"start":{"line":29,"column":4},"end":{"line":29,"column":25}},"13":{"start":{"line":32,"column":15},"end":{"line":45,"column":42}},"14":{"start":{"line":32,"column":56},"end":{"line":45,"column":5}},"15":{"start":{"line":33,"column":4},"end":{"line":33,"column":23}},"16":{"start":{"line":34,"column":4},"end":{"line":34,"column":19}},"17":{"start":{"line":35,"column":4},"end":{"line":44,"column":5}},"18":{"start":{"line":36,"column":21},"end":{"line":36,"column":52}},"19":{"start":{"line":37,"column":6},"end":{"line":37,"column":27}},"20":{"start":{"line":38,"column":6},"end":{"line":38,"column":20}},"21":{"start":{"line":40,"column":6},"end":{"line":40,"column":69}},"22":{"start":{"line":41,"column":6},"end":{"line":41,"column":19}},"23":{"start":{"line":43,"column":6},"end":{"line":43,"column":26}},"24":{"start":{"line":47,"column":15},"end":{"line":59,"column":22}},"25":{"start":{"line":47,"column":69},"end":{"line":59,"column":5}},"26":{"start":{"line":48,"column":4},"end":{"line":48,"column":23}},"27":{"start":{"line":49,"column":4},"end":{"line":49,"column":19}},"28":{"start":{"line":50,"column":4},"end":{"line":58,"column":5}},"29":{"start":{"line":51,"column":19},"end":{"line":51,"column":61}},"30":{"start":{"line":52,"column":6},"end":{"line":52,"column":18}},"31":{"start":{"line":54,"column":6},"end":{"line":54,"column":69}},"32":{"start":{"line":55,"column":6},"end":{"line":55,"column":18}},"33":{"start":{"line":57,"column":6},"end":{"line":57,"column":26}},"34":{"start":{"line":61,"column":22},"end":{"line":74,"column":42}},"35":{"start":{"line":61,"column":45},"end":{"line":74,"column":5}},"36":{"start":{"line":62,"column":4},"end":{"line":62,"column":23}},"37":{"start":{"line":63,"column":4},"end":{"line":63,"column":19}},"38":{"start":{"line":64,"column":4},"end":{"line":73,"column":5}},"39":{"start":{"line":65,"column":20},"end":{"line":65,"column":54}},"40":{"start":{"line":66,"column":6},"end":{"line":66,"column":27}},"41":{"start":{"line":67,"column":6},"end":{"line":67,"column":19}},"42":{"start":{"line":69,"column":6},"end":{"line":69,"column":69}},"43":{"start":{"line":70,"column":6},"end":{"line":70,"column":16}},"44":{"start":{"line":72,"column":6},"end":{"line":72,"column":26}},"45":{"start":{"line":76,"column":16},"end":{"line":89,"column":42}},"46":{"start":{"line":76,"column":70},"end":{"line":89,"column":5}},"47":{"start":{"line":77,"column":4},"end":{"line":77,"column":23}},"48":{"start":{"line":78,"column":4},"end":{"line":78,"column":19}},"49":{"start":{"line":79,"column":4},"end":{"line":88,"column":5}},"50":{"start":{"line":80,"column":21},"end":{"line":80,"column":64}},"51":{"start":{"line":81,"column":6},"end":{"line":81,"column":27}},"52":{"start":{"line":82,"column":6},"end":{"line":82,"column":20}},"53":{"start":{"line":84,"column":6},"end":{"line":84,"column":69}},"54":{"start":{"line":85,"column":6},"end":{"line":85,"column":19}},"55":{"start":{"line":87,"column":6},"end":{"line":87,"column":26}},"56":{"start":{"line":91,"column":19},"end":{"line":104,"column":42}},"57":{"start":{"line":91,"column":42},"end":{"line":104,"column":5}},"58":{"start":{"line":92,"column":4},"end":{"line":92,"column":23}},"59":{"start":{"line":93,"column":4},"end":{"line":93,"column":19}},"60":{"start":{"line":94,"column":4},"end":{"line":103,"column":5}},"61":{"start":{"line":95,"column":21},"end":{"line":95,"column":52}},"62":{"start":{"line":96,"column":6},"end":{"line":96,"column":27}},"63":{"start":{"line":97,"column":6},"end":{"line":97,"column":20}},"64":{"start":{"line":99,"column":6},"end":{"line":99,"column":69}},"65":{"start":{"line":100,"column":6},"end":{"line":100,"column":19}},"66":{"start":{"line":102,"column":6},"end":{"line":102,"column":26}},"67":{"start":{"line":106,"column":2},"end":{"line":115,"column":4}},"68":{"start":{"line":16,"column":13},"end":{"line":16,"column":26}}},"fnMap":{"0":{"name":"(anonymous_7)","decl":{"start":{"line":16,"column":26},"end":{"line":16,"column":47}},"loc":{"start":{"line":16,"column":49},"end":{"line":116,"column":1}}},"1":{"name":"(anonymous_8)","decl":{"start":{"line":17,"column":36},"end":{"line":17,"column":39}},"loc":{"start":{"line":17,"column":42},"end":{"line":17,"column":62}}},"2":{"name":"(anonymous_9)","decl":{"start":{"line":23,"column":41},"end":{"line":23,"column":44}},"loc":{"start":{"line":23,"column":46},"end":{"line":26,"column":3}}},"3":{"name":"(anonymous_10)","decl":{"start":{"line":28,"column":12},"end":{"line":28,"column":15}},"loc":{"start":{"line":28,"column":17},"end":{"line":30,"column":3}}},"4":{"name":"(anonymous_11)","decl":{"start":{"line":32,"column":27},"end":{"line":32,"column":34}},"loc":{"start":{"line":32,"column":56},"end":{"line":45,"column":5}}},"5":{"name":"(anonymous_12)","decl":{"start":{"line":32,"column":56},"end":{"line":32,"column":null}},"loc":{"start":{"line":32,"column":56},"end":{"line":45,"column":3}}},"6":{"name":"(anonymous_13)","decl":{"start":{"line":47,"column":27},"end":{"line":47,"column":34}},"loc":{"start":{"line":47,"column":69},"end":{"line":59,"column":5}}},"7":{"name":"(anonymous_14)","decl":{"start":{"line":47,"column":69},"end":{"line":47,"column":null}},"loc":{"start":{"line":47,"column":69},"end":{"line":59,"column":3}}},"8":{"name":"(anonymous_15)","decl":{"start":{"line":61,"column":34},"end":{"line":61,"column":43}},"loc":{"start":{"line":61,"column":45},"end":{"line":74,"column":5}}},"9":{"name":"(anonymous_16)","decl":{"start":{"line":61,"column":45},"end":{"line":61,"column":null}},"loc":{"start":{"line":61,"column":45},"end":{"line":74,"column":3}}},"10":{"name":"(anonymous_17)","decl":{"start":{"line":76,"column":28},"end":{"line":76,"column":35}},"loc":{"start":{"line":76,"column":70},"end":{"line":89,"column":5}}},"11":{"name":"(anonymous_18)","decl":{"start":{"line":76,"column":70},"end":{"line":76,"column":null}},"loc":{"start":{"line":76,"column":70},"end":{"line":89,"column":3}}},"12":{"name":"(anonymous_19)","decl":{"start":{"line":91,"column":31},"end":{"line":91,"column":40}},"loc":{"start":{"line":91,"column":42},"end":{"line":104,"column":5}}},"13":{"name":"(anonymous_20)","decl":{"start":{"line":91,"column":42},"end":{"line":91,"column":null}},"loc":{"start":{"line":91,"column":42},"end":{"line":104,"column":3}}}},"branchMap":{"0":{"loc":{"start":{"line":40,"column":15},"end":{"line":40,"column":67}},"type":"cond-expr","locations":[{"start":{"line":40,"column":38},"end":{"line":40,"column":49}},{"start":{"line":40,"column":52},"end":{"line":40,"column":67}}]},"1":{"loc":{"start":{"line":54,"column":15},"end":{"line":54,"column":67}},"type":"cond-expr","locations":[{"start":{"line":54,"column":38},"end":{"line":54,"column":49}},{"start":{"line":54,"column":52},"end":{"line":54,"column":67}}]},"2":{"loc":{"start":{"line":69,"column":15},"end":{"line":69,"column":67}},"type":"cond-expr","locations":[{"start":{"line":69,"column":38},"end":{"line":69,"column":49}},{"start":{"line":69,"column":52},"end":{"line":69,"column":67}}]},"3":{"loc":{"start":{"line":84,"column":15},"end":{"line":84,"column":67}},"type":"cond-expr","locations":[{"start":{"line":84,"column":38},"end":{"line":84,"column":49}},{"start":{"line":84,"column":52},"end":{"line":84,"column":67}}]},"4":{"loc":{"start":{"line":99,"column":15},"end":{"line":99,"column":67}},"type":"cond-expr","locations":[{"start":{"line":99,"column":38},"end":{"line":99,"column":49}},{"start":{"line":99,"column":52},"end":{"line":99,"column":67}}]}},"s":{"0":0,"1":0,"2":0,"3":0,"4":0,"5":0,"6":0,"7":0,"8":0,"9":0,"10":0,"11":0,"12":0,"13":0,"14":0,"15":0,"16":0,"17":0,"18":0,"19":0,"20":0,"21":0,"22":0,"23":0,"24":0,"25":0,"26":0,"27":0,"28":0,"29":0,"30":0,"31":0,"32":0,"33":0,"34":0,"35":0,"36":0,"37":0,"38":0,"39":0,"40":0,"41":0,"42":0,"43":0,"44":0,"45":0,"46":0,"47":0,"48":0,"49":0,"50":0,"51":0,"52":0,"53":0,"54":0,"55":0,"56":0,"57":0,"58":0,"59":0,"60":0,"61":0,"62":0,"63":0,"64":0,"65":0,"66":0,"67":0,"68":0},"f":{"0":0,"1":0,"2":0,"3":0,"4":0,"5":0,"6":0,"7":0,"8":0,"9":0,"10":0,"11":0,"12":0,"13":0},"b":{"0":[0,0],"1":[0,0],"2":[0,0],"3":[0,0],"4":[0,0]}}
,"D:\\ProjectPackage\\claude_code_project\\rules-kill-react\\src\\types\\storage.ts": {"path":"D:\\ProjectPackage\\claude_code_project\\rules-kill-react\\src\\types\\storage.ts","statementMap":{"0":{"start":{"line":4,"column":13},"end":{"line":4,"column":36}}},"fnMap":{},"branchMap":{},"s":{"0":0},"f":{},"b":{}}
,"D:\\ProjectPackage\\claude_code_project\\rules-kill-react\\src\\utils\\storageManager.ts": {"path":"D:\\ProjectPackage\\claude_code_project\\rules-kill-react\\src\\utils\\storageManager.ts","statementMap":{"0":{"start":{"line":13,"column":4},"end":{"line":13,"column":25}},"1":{"start":{"line":14,"column":4},"end":{"line":14,"column":39}},"2":{"start":{"line":21,"column":4},"end":{"line":69,"column":5}},"3":{"start":{"line":23,"column":6},"end":{"line":25,"column":7}},"4":{"start":{"line":24,"column":8},"end":{"line":24,"column":52}},"5":{"start":{"line":28,"column":20},"end":{"line":28,"column":44}},"6":{"start":{"line":31,"column":6},"end":{"line":35,"column":7}},"7":{"start":{"line":33,"column":8},"end":{"line":33,"column":62}},"8":{"start":{"line":33,"column":29},"end":{"line":33,"column":60}},"9":{"start":{"line":34,"column":8},"end":{"line":34,"column":22}},"10":{"start":{"line":38,"column":20},"end":{"line":41,"column":null}},"11":{"start":{"line":45,"column":29},"end":{"line":45,"column":53}},"12":{"start":{"line":48,"column":18},"end":{"line":48,"column":83}},"13":{"start":{"line":49,"column":6},"end":{"line":49,"column":48}},"14":{"start":{"line":52,"column":24},"end":{"line":53,"column":null}},"15":{"start":{"line":53,"column":8},"end":{"line":53,"column":82}},"16":{"start":{"line":56,"column":6},"end":{"line":60,"column":7}},"17":{"start":{"line":57,"column":8},"end":{"line":57,"column":36}},"18":{"start":{"line":59,"column":8},"end":{"line":59,"column":29}},"19":{"start":{"line":62,"column":6},"end":{"line":62,"column":34}},"20":{"start":{"line":64,"column":6},"end":{"line":64,"column":53}},"21":{"start":{"line":65,"column":6},"end":{"line":65,"column":18}},"22":{"start":{"line":67,"column":6},"end":{"line":67,"column":51}},"23":{"start":{"line":68,"column":6},"end":{"line":68,"column":19}},"24":{"start":{"line":76,"column":4},"end":{"line":97,"column":5}},"25":{"start":{"line":77,"column":18},"end":{"line":77,"column":66}},"26":{"start":{"line":78,"column":19},"end":{"line":78,"column":44}},"27":{"start":{"line":80,"column":6},"end":{"line":82,"column":7}},"28":{"start":{"line":81,"column":8},"end":{"line":81,"column":20}},"29":{"start":{"line":84,"column":25},"end":{"line":84,"column":57}},"30":{"start":{"line":87,"column":6},"end":{"line":90,"column":7}},"31":{"start":{"line":88,"column":8},"end":{"line":88,"column":73}},"32":{"start":{"line":89,"column":8},"end":{"line":89,"column":52}},"33":{"start":{"line":92,"column":6},"end":{"line":92,"column":54}},"34":{"start":{"line":93,"column":6},"end":{"line":93,"column":24}},"35":{"start":{"line":95,"column":6},"end":{"line":95,"column":51}},"36":{"start":{"line":96,"column":6},"end":{"line":96,"column":18}},"37":{"start":{"line":104,"column":4},"end":{"line":126,"column":5}},"38":{"start":{"line":105,"column":36},"end":{"line":105,"column":38}},"39":{"start":{"line":106,"column":19},"end":{"line":106,"column":37}},"40":{"start":{"line":108,"column":6},"end":{"line":120,"column":7}},"41":{"start":{"line":109,"column":21},"end":{"line":109,"column":46}},"42":{"start":{"line":110,"column":8},"end":{"line":119,"column":9}},"43":{"start":{"line":111,"column":10},"end":{"line":118,"column":11}},"44":{"start":{"line":112,"column":31},"end":{"line":112,"column":63}},"45":{"start":{"line":113,"column":12},"end":{"line":115,"column":13}},"46":{"start":{"line":114,"column":14},"end":{"line":114,"column":37}},"47":{"start":{"line":117,"column":12},"end":{"line":117,"column":77}},"48":{"start":{"line":122,"column":6},"end":{"line":122,"column":67}},"49":{"start":{"line":122,"column":34},"end":{"line":122,"column":65}},"50":{"start":{"line":124,"column":6},"end":{"line":124,"column":55}},"51":{"start":{"line":125,"column":6},"end":{"line":125,"column":16}},"52":{"start":{"line":133,"column":4},"end":{"line":149,"column":5}},"53":{"start":{"line":134,"column":18},"end":{"line":134,"column":66}},"54":{"start":{"line":135,"column":6},"end":{"line":135,"column":35}},"55":{"start":{"line":138,"column":20},"end":{"line":138,"column":44}},"56":{"start":{"line":139,"column":28},"end":{"line":140,"column":null}},"57":{"start":{"line":140,"column":8},"end":{"line":140,"column":68}},"58":{"start":{"line":142,"column":6},"end":{"line":142,"column":42}},"59":{"start":{"line":144,"column":6},"end":{"line":144,"column":55}},"60":{"start":{"line":145,"column":6},"end":{"line":145,"column":18}},"61":{"start":{"line":147,"column":6},"end":{"line":147,"column":52}},"62":{"start":{"line":148,"column":6},"end":{"line":148,"column":19}},"63":{"start":{"line":156,"column":4},"end":{"line":166,"column":5}},"64":{"start":{"line":157,"column":19},"end":{"line":157,"column":37}},"65":{"start":{"line":158,"column":6},"end":{"line":158,"column":56}},"66":{"start":{"line":158,"column":26},"end":{"line":158,"column":54}},"67":{"start":{"line":159,"column":6},"end":{"line":159,"column":65}},"68":{"start":{"line":161,"column":6},"end":{"line":161,"column":52}},"69":{"start":{"line":162,"column":6},"end":{"line":162,"column":18}},"70":{"start":{"line":164,"column":6},"end":{"line":164,"column":57}},"71":{"start":{"line":165,"column":6},"end":{"line":165,"column":19}},"72":{"start":{"line":173,"column":4},"end":{"line":173,"column":56}},"73":{"start":{"line":173,"column":43},"end":{"line":173,"column":56}},"74":{"start":{"line":175,"column":27},"end":{"line":178,"column":6}},"75":{"start":{"line":180,"column":4},"end":{"line":182,"column":5}},"76":{"start":{"line":181,"column":6},"end":{"line":181,"column":41}},"77":{"start":{"line":181,"column":28},"end":{"line":181,"column":41}},"78":{"start":{"line":185,"column":4},"end":{"line":188,"column":5}},"79":{"start":{"line":186,"column":6},"end":{"line":186,"column":86}},"80":{"start":{"line":187,"column":6},"end":{"line":187,"column":19}},"81":{"start":{"line":191,"column":4},"end":{"line":193,"column":5}},"82":{"start":{"line":192,"column":6},"end":{"line":192,"column":19}},"83":{"start":{"line":196,"column":29},"end":{"line":196,"column":91}},"84":{"start":{"line":197,"column":4},"end":{"line":199,"column":5}},"85":{"start":{"line":198,"column":6},"end":{"line":198,"column":19}},"86":{"start":{"line":202,"column":4},"end":{"line":204,"column":5}},"87":{"start":{"line":203,"column":6},"end":{"line":203,"column":19}},"88":{"start":{"line":207,"column":4},"end":{"line":207,"column":62}},"89":{"start":{"line":207,"column":49},"end":{"line":207,"column":62}},"90":{"start":{"line":209,"column":4},"end":{"line":209,"column":16}},"91":{"start":{"line":216,"column":4},"end":{"line":216,"column":66}},"92":{"start":{"line":216,"column":53},"end":{"line":216,"column":66}},"93":{"start":{"line":219,"column":27},"end":{"line":219,"column":79}},"94":{"start":{"line":220,"column":4},"end":{"line":224,"column":5}},"95":{"start":{"line":221,"column":6},"end":{"line":223,"column":7}},"96":{"start":{"line":222,"column":8},"end":{"line":222,"column":21}},"97":{"start":{"line":227,"column":26},"end":{"line":227,"column":109}},"98":{"start":{"line":228,"column":4},"end":{"line":232,"column":5}},"99":{"start":{"line":229,"column":6},"end":{"line":231,"column":7}},"100":{"start":{"line":230,"column":8},"end":{"line":230,"column":21}},"101":{"start":{"line":235,"column":4},"end":{"line":237,"column":5}},"102":{"start":{"line":236,"column":6},"end":{"line":236,"column":19}},"103":{"start":{"line":240,"column":4},"end":{"line":240,"column":111}},"104":{"start":{"line":240,"column":98},"end":{"line":240,"column":111}},"105":{"start":{"line":241,"column":4},"end":{"line":241,"column":111}},"106":{"start":{"line":241,"column":98},"end":{"line":241,"column":111}},"107":{"start":{"line":242,"column":4},"end":{"line":242,"column":111}},"108":{"start":{"line":242,"column":98},"end":{"line":242,"column":111}},"109":{"start":{"line":244,"column":4},"end":{"line":244,"column":16}},"110":{"start":{"line":251,"column":4},"end":{"line":272,"column":5}},"111":{"start":{"line":253,"column":42},"end":{"line":266,"column":8}},"112":{"start":{"line":268,"column":6},"end":{"line":268,"column":65}},"113":{"start":{"line":270,"column":6},"end":{"line":270,"column":52}},"114":{"start":{"line":271,"column":6},"end":{"line":271,"column":18}},"115":{"start":{"line":279,"column":4},"end":{"line":289,"column":6}},"116":{"start":{"line":296,"column":27},"end":{"line":296,"column":29}},"117":{"start":{"line":297,"column":4},"end":{"line":302,"column":5}},"118":{"start":{"line":297,"column":17},"end":{"line":297,"column":18}},"119":{"start":{"line":298,"column":18},"end":{"line":298,"column":37}},"120":{"start":{"line":299,"column":6},"end":{"line":301,"column":7}},"121":{"start":{"line":300,"column":8},"end":{"line":300,"column":23}},"122":{"start":{"line":303,"column":4},"end":{"line":303,"column":16}},"123":{"start":{"line":310,"column":22},"end":{"line":315,"column":7}},"124":{"start":{"line":310,"column":41},"end":{"line":315,"column":6}},"125":{"start":{"line":317,"column":4},"end":{"line":317,"column":87}},"126":{"start":{"line":324,"column":4},"end":{"line":344,"column":5}},"127":{"start":{"line":325,"column":17},"end":{"line":325,"column":18}},"128":{"start":{"line":326,"column":6},"end":{"line":334,"column":7}},"129":{"start":{"line":326,"column":19},"end":{"line":326,"column":20}},"130":{"start":{"line":327,"column":20},"end":{"line":327,"column":39}},"131":{"start":{"line":328,"column":8},"end":{"line":333,"column":9}},"132":{"start":{"line":329,"column":24},"end":{"line":329,"column":49}},"133":{"start":{"line":330,"column":10},"end":{"line":332,"column":11}},"134":{"start":{"line":331,"column":12},"end":{"line":331,"column":46}},"135":{"start":{"line":337,"column":20},"end":{"line":337,"column":35}},"136":{"start":{"line":338,"column":24},"end":{"line":338,"column":49}},"137":{"start":{"line":340,"column":6},"end":{"line":340,"column":40}},"138":{"start":{"line":342,"column":6},"end":{"line":342,"column":61}},"139":{"start":{"line":343,"column":6},"end":{"line":343,"column":49}},"140":{"start":{"line":3,"column":0},"end":{"line":3,"column":13}}},"fnMap":{"0":{"name":"(anonymous_7)","decl":{"start":{"line":7,"column":2},"end":{"line":7,"column":14}},"loc":{"start":{"line":12,"column":3},"end":{"line":15,"column":3}}},"1":{"name":"(anonymous_8)","decl":{"start":{"line":20,"column":8},"end":{"line":20,"column":12}},"loc":{"start":{"line":20,"column":31},"end":{"line":70,"column":null}}},"2":{"name":"(anonymous_10)","decl":{"start":{"line":33,"column":19},"end":{"line":33,"column":20}},"loc":{"start":{"line":33,"column":29},"end":{"line":33,"column":60}}},"3":{"name":"(anonymous_11)","decl":{"start":{"line":52,"column":40},"end":{"line":52,"column":44}},"loc":{"start":{"line":53,"column":8},"end":{"line":53,"column":82}}},"4":{"name":"(anonymous_12)","decl":{"start":{"line":75,"column":8},"end":{"line":75,"column":12}},"loc":{"start":{"line":75,"column":44},"end":{"line":98,"column":null}}},"5":{"name":"(anonymous_14)","decl":{"start":{"line":103,"column":8},"end":{"line":103,"column":19}},"loc":{"start":{"line":103,"column":19},"end":{"line":127,"column":null}}},"6":{"name":"(anonymous_16)","decl":{"start":{"line":122,"column":24},"end":{"line":122,"column":25}},"loc":{"start":{"line":122,"column":34},"end":{"line":122,"column":65}}},"7":{"name":"(anonymous_17)","decl":{"start":{"line":132,"column":8},"end":{"line":132,"column":13}},"loc":{"start":{"line":132,"column":45},"end":{"line":150,"column":null}}},"8":{"name":"(anonymous_19)","decl":{"start":{"line":139,"column":41},"end":{"line":139,"column":45}},"loc":{"start":{"line":140,"column":8},"end":{"line":140,"column":68}}},"9":{"name":"(anonymous_20)","decl":{"start":{"line":155,"column":8},"end":{"line":155,"column":16}},"loc":{"start":{"line":155,"column":16},"end":{"line":167,"column":null}}},"10":{"name":"(anonymous_22)","decl":{"start":{"line":158,"column":19},"end":{"line":158,"column":22}},"loc":{"start":{"line":158,"column":26},"end":{"line":158,"column":54}}},"11":{"name":"(anonymous_23)","decl":{"start":{"line":172,"column":2},"end":{"line":172,"column":10}},"loc":{"start":{"line":172,"column":20},"end":{"line":210,"column":3}}},"12":{"name":"(anonymous_24)","decl":{"start":{"line":215,"column":10},"end":{"line":215,"column":27}},"loc":{"start":{"line":215,"column":42},"end":{"line":245,"column":3}}},"13":{"name":"(anonymous_25)","decl":{"start":{"line":250,"column":10},"end":{"line":250,"column":29}},"loc":{"start":{"line":250,"column":39},"end":{"line":273,"column":3}}},"14":{"name":"(anonymous_26)","decl":{"start":{"line":278,"column":10},"end":{"line":278,"column":29}},"loc":{"start":{"line":278,"column":29},"end":{"line":290,"column":3}}},"15":{"name":"(anonymous_27)","decl":{"start":{"line":295,"column":10},"end":{"line":295,"column":21}},"loc":{"start":{"line":295,"column":21},"end":{"line":304,"column":3}}},"16":{"name":"(anonymous_28)","decl":{"start":{"line":309,"column":10},"end":{"line":309,"column":25}},"loc":{"start":{"line":309,"column":47},"end":{"line":318,"column":3}}},"17":{"name":"(anonymous_29)","decl":{"start":{"line":310,"column":32},"end":{"line":310,"column":36}},"loc":{"start":{"line":310,"column":41},"end":{"line":315,"column":6}}},"18":{"name":"(anonymous_30)","decl":{"start":{"line":323,"column":2},"end":{"line":323,"column":17}},"loc":{"start":{"line":323,"column":17},"end":{"line":345,"column":3}}}},"branchMap":{"0":{"loc":{"start":{"line":7,"column":14},"end":{"line":12,"column":null}},"type":"default-arg","locations":[{"start":{"line":7,"column":38},"end":{"line":12,"column":null}}]},"1":{"loc":{"start":{"line":23,"column":6},"end":{"line":25,"column":7}},"type":"if","locations":[{"start":{"line":23,"column":6},"end":{"line":25,"column":7}},{"start":{},"end":{}}]},"2":{"loc":{"start":{"line":31,"column":6},"end":{"line":35,"column":7}},"type":"if","locations":[{"start":{"line":31,"column":6},"end":{"line":35,"column":7}},{"start":{},"end":{}}]},"3":{"loc":{"start":{"line":41,"column":20},"end":{"line":41,"column":39}},"type":"binary-expr","locations":[{"start":{"line":41,"column":20},"end":{"line":41,"column":34}},{"start":{"line":41,"column":38},"end":{"line":41,"column":39}}]},"4":{"loc":{"start":{"line":53,"column":8},"end":{"line":53,"column":82}},"type":"binary-expr","locations":[{"start":{"line":53,"column":8},"end":{"line":53,"column":43}},{"start":{"line":53,"column":47},"end":{"line":53,"column":82}}]},"5":{"loc":{"start":{"line":56,"column":6},"end":{"line":60,"column":7}},"type":"if","locations":[{"start":{"line":56,"column":6},"end":{"line":60,"column":7}},{"start":{"line":58,"column":13},"end":{"line":60,"column":7}}]},"6":{"loc":{"start":{"line":80,"column":6},"end":{"line":82,"column":7}},"type":"if","locations":[{"start":{"line":80,"column":6},"end":{"line":82,"column":7}},{"start":{},"end":{}}]},"7":{"loc":{"start":{"line":87,"column":6},"end":{"line":90,"column":7}},"type":"if","locations":[{"start":{"line":87,"column":6},"end":{"line":90,"column":7}},{"start":{},"end":{}}]},"8":{"loc":{"start":{"line":110,"column":8},"end":{"line":119,"column":9}},"type":"if","locations":[{"start":{"line":110,"column":8},"end":{"line":119,"column":9}},{"start":{},"end":{}}]},"9":{"loc":{"start":{"line":113,"column":12},"end":{"line":115,"column":13}},"type":"if","locations":[{"start":{"line":113,"column":12},"end":{"line":115,"column":13}},{"start":{},"end":{}}]},"10":{"loc":{"start":{"line":140,"column":10},"end":{"line":140,"column":67}},"type":"binary-expr","locations":[{"start":{"line":140,"column":10},"end":{"line":140,"column":40}},{"start":{"line":140,"column":44},"end":{"line":140,"column":67}}]},"11":{"loc":{"start":{"line":173,"column":4},"end":{"line":173,"column":56}},"type":"if","locations":[{"start":{"line":173,"column":4},"end":{"line":173,"column":56}},{"start":{},"end":{}}]},"12":{"loc":{"start":{"line":173,"column":8},"end":{"line":173,"column":41}},"type":"binary-expr","locations":[{"start":{"line":173,"column":8},"end":{"line":173,"column":13}},{"start":{"line":173,"column":17},"end":{"line":173,"column":41}}]},"13":{"loc":{"start":{"line":181,"column":6},"end":{"line":181,"column":41}},"type":"if","locations":[{"start":{"line":181,"column":6},"end":{"line":181,"column":41}},{"start":{},"end":{}}]},"14":{"loc":{"start":{"line":185,"column":4},"end":{"line":188,"column":5}},"type":"if","locations":[{"start":{"line":185,"column":4},"end":{"line":188,"column":5}},{"start":{},"end":{}}]},"15":{"loc":{"start":{"line":191,"column":4},"end":{"line":193,"column":5}},"type":"if","locations":[{"start":{"line":191,"column":4},"end":{"line":193,"column":5}},{"start":{},"end":{}}]},"16":{"loc":{"start":{"line":191,"column":8},"end":{"line":191,"column":96}},"type":"binary-expr","locations":[{"start":{"line":191,"column":8},"end":{"line":191,"column":24}},{"start":{"line":191,"column":28},"end":{"line":191,"column":63}},{"start":{"line":191,"column":67},"end":{"line":191,"column":96}}]},"17":{"loc":{"start":{"line":197,"column":4},"end":{"line":199,"column":5}},"type":"if","locations":[{"start":{"line":197,"column":4},"end":{"line":199,"column":5}},{"start":{},"end":{}}]},"18":{"loc":{"start":{"line":202,"column":4},"end":{"line":204,"column":5}},"type":"if","locations":[{"start":{"line":202,"column":4},"end":{"line":204,"column":5}},{"start":{},"end":{}}]},"19":{"loc":{"start":{"line":202,"column":8},"end":{"line":202,"column":66}},"type":"binary-expr","locations":[{"start":{"line":202,"column":8},"end":{"line":202,"column":43}},{"start":{"line":202,"column":47},"end":{"line":202,"column":66}}]},"20":{"loc":{"start":{"line":207,"column":4},"end":{"line":207,"column":62}},"type":"if","locations":[{"start":{"line":207,"column":4},"end":{"line":207,"column":62}},{"start":{},"end":{}}]},"21":{"loc":{"start":{"line":216,"column":4},"end":{"line":216,"column":66}},"type":"if","locations":[{"start":{"line":216,"column":4},"end":{"line":216,"column":66}},{"start":{},"end":{}}]},"22":{"loc":{"start":{"line":216,"column":8},"end":{"line":216,"column":51}},"type":"binary-expr","locations":[{"start":{"line":216,"column":8},"end":{"line":216,"column":18}},{"start":{"line":216,"column":22},"end":{"line":216,"column":51}}]},"23":{"loc":{"start":{"line":221,"column":6},"end":{"line":223,"column":7}},"type":"if","locations":[{"start":{"line":221,"column":6},"end":{"line":223,"column":7}},{"start":{},"end":{}}]},"24":{"loc":{"start":{"line":229,"column":6},"end":{"line":231,"column":7}},"type":"if","locations":[{"start":{"line":229,"column":6},"end":{"line":231,"column":7}},{"start":{},"end":{}}]},"25":{"loc":{"start":{"line":229,"column":10},"end":{"line":229,"column":68}},"type":"binary-expr","locations":[{"start":{"line":229,"column":10},"end":{"line":229,"column":28}},{"start":{"line":229,"column":32},"end":{"line":229,"column":68}}]},"26":{"loc":{"start":{"line":235,"column":4},"end":{"line":237,"column":5}},"type":"if","locations":[{"start":{"line":235,"column":4},"end":{"line":237,"column":5}},{"start":{},"end":{}}]},"27":{"loc":{"start":{"line":240,"column":4},"end":{"line":240,"column":111}},"type":"if","locations":[{"start":{"line":240,"column":4},"end":{"line":240,"column":111}},{"start":{},"end":{}}]},"28":{"loc":{"start":{"line":240,"column":8},"end":{"line":240,"column":96}},"type":"binary-expr","locations":[{"start":{"line":240,"column":8},"end":{"line":240,"column":44}},{"start":{"line":240,"column":49},"end":{"line":240,"column":69}},{"start":{"line":240,"column":73},"end":{"line":240,"column":95}}]},"29":{"loc":{"start":{"line":241,"column":4},"end":{"line":241,"column":111}},"type":"if","locations":[{"start":{"line":241,"column":4},"end":{"line":241,"column":111}},{"start":{},"end":{}}]},"30":{"loc":{"start":{"line":241,"column":8},"end":{"line":241,"column":96}},"type":"binary-expr","locations":[{"start":{"line":241,"column":8},"end":{"line":241,"column":44}},{"start":{"line":241,"column":49},"end":{"line":241,"column":69}},{"start":{"line":241,"column":73},"end":{"line":241,"column":95}}]},"31":{"loc":{"start":{"line":242,"column":4},"end":{"line":242,"column":111}},"type":"if","locations":[{"start":{"line":242,"column":4},"end":{"line":242,"column":111}},{"start":{},"end":{}}]},"32":{"loc":{"start":{"line":242,"column":8},"end":{"line":242,"column":96}},"type":"binary-expr","locations":[{"start":{"line":242,"column":8},"end":{"line":242,"column":44}},{"start":{"line":242,"column":49},"end":{"line":242,"column":69}},{"start":{"line":242,"column":73},"end":{"line":242,"column":95}}]},"33":{"loc":{"start":{"line":254,"column":17},"end":{"line":254,"column":40}},"type":"binary-expr","locations":[{"start":{"line":254,"column":17},"end":{"line":254,"column":29}},{"start":{"line":254,"column":33},"end":{"line":254,"column":40}}]},"34":{"loc":{"start":{"line":255,"column":20},"end":{"line":255,"column":48}},"type":"binary-expr","locations":[{"start":{"line":255,"column":20},"end":{"line":255,"column":35}},{"start":{"line":255,"column":39},"end":{"line":255,"column":48}}]},"35":{"loc":{"start":{"line":256,"column":20},"end":{"line":256,"column":43}},"type":"binary-expr","locations":[{"start":{"line":256,"column":20},"end":{"line":256,"column":35}},{"start":{"line":256,"column":39},"end":{"line":256,"column":43}}]},"36":{"loc":{"start":{"line":257,"column":19},"end":{"line":257,"column":63}},"type":"binary-expr","locations":[{"start":{"line":257,"column":19},"end":{"line":257,"column":33}},{"start":{"line":257,"column":37},"end":{"line":257,"column":63}}]},"37":{"loc":{"start":{"line":258,"column":20},"end":{"line":258,"column":41}},"type":"binary-expr","locations":[{"start":{"line":258,"column":20},"end":{"line":258,"column":35}},{"start":{"line":258,"column":39},"end":{"line":258,"column":41}}]},"38":{"loc":{"start":{"line":259,"column":20},"end":{"line":259,"column":41}},"type":"binary-expr","locations":[{"start":{"line":259,"column":20},"end":{"line":259,"column":35}},{"start":{"line":259,"column":39},"end":{"line":259,"column":41}}]},"39":{"loc":{"start":{"line":260,"column":20},"end":{"line":260,"column":40}},"type":"binary-expr","locations":[{"start":{"line":260,"column":20},"end":{"line":260,"column":35}},{"start":{"line":260,"column":39},"end":{"line":260,"column":40}}]},"40":{"loc":{"start":{"line":261,"column":21},"end":{"line":261,"column":48}},"type":"binary-expr","locations":[{"start":{"line":261,"column":21},"end":{"line":261,"column":37}},{"start":{"line":261,"column":41},"end":{"line":261,"column":48}}]},"41":{"loc":{"start":{"line":262,"column":24},"end":{"line":262,"column":49}},"type":"binary-expr","locations":[{"start":{"line":262,"column":24},"end":{"line":262,"column":43}},{"start":{"line":262,"column":47},"end":{"line":262,"column":49}}]},"42":{"loc":{"start":{"line":263,"column":22},"end":{"line":263,"column":53}},"type":"binary-expr","locations":[{"start":{"line":263,"column":22},"end":{"line":263,"column":39}},{"start":{"line":263,"column":43},"end":{"line":263,"column":53}}]},"43":{"loc":{"start":{"line":264,"column":21},"end":{"line":264,"column":51}},"type":"binary-expr","locations":[{"start":{"line":264,"column":21},"end":{"line":264,"column":37}},{"start":{"line":264,"column":41},"end":{"line":264,"column":51}}]},"44":{"loc":{"start":{"line":265,"column":19},"end":{"line":265,"column":38}},"type":"binary-expr","locations":[{"start":{"line":265,"column":19},"end":{"line":265,"column":33}},{"start":{"line":265,"column":37},"end":{"line":265,"column":38}}]},"45":{"loc":{"start":{"line":268,"column":13},"end":{"line":268,"column":64}},"type":"cond-expr","locations":[{"start":{"line":268,"column":44},"end":{"line":268,"column":57}},{"start":{"line":268,"column":60},"end":{"line":268,"column":64}}]},"46":{"loc":{"start":{"line":299,"column":6},"end":{"line":301,"column":7}},"type":"if","locations":[{"start":{"line":299,"column":6},"end":{"line":301,"column":7}},{"start":{},"end":{}}]},"47":{"loc":{"start":{"line":299,"column":10},"end":{"line":299,"column":61}},"type":"binary-expr","locations":[{"start":{"line":299,"column":10},"end":{"line":299,"column":13}},{"start":{"line":299,"column":17},"end":{"line":299,"column":61}}]},"48":{"loc":{"start":{"line":328,"column":8},"end":{"line":333,"column":9}},"type":"if","locations":[{"start":{"line":328,"column":8},"end":{"line":333,"column":9}},{"start":{},"end":{}}]},"49":{"loc":{"start":{"line":330,"column":10},"end":{"line":332,"column":11}},"type":"if","locations":[{"start":{"line":330,"column":10},"end":{"line":332,"column":11}},{"start":{},"end":{}}]}},"s":{"0":0,"1":0,"2":0,"3":0,"4":0,"5":0,"6":0,"7":0,"8":0,"9":0,"10":0,"11":0,"12":0,"13":0,"14":0,"15":0,"16":0,"17":0,"18":0,"19":0,"20":0,"21":0,"22":0,"23":0,"24":0,"25":0,"26":0,"27":0,"28":0,"29":0,"30":0,"31":0,"32":0,"33":0,"34":0,"35":0,"36":0,"37":0,"38":0,"39":0,"40":0,"41":0,"42":0,"43":0,"44":0,"45":0,"46":0,"47":0,"48":0,"49":0,"50":0,"51":0,"52":0,"53":0,"54":0,"55":0,"56":0,"57":0,"58":0,"59":0,"60":0,"61":0,"62":0,"63":0,"64":0,"65":0,"66":0,"67":0,"68":0,"69":0,"70":0,"71":0,"72":0,"73":0,"74":0,"75":0,"76":0,"77":0,"78":0,"79":0,"80":0,"81":0,"82":0,"83":0,"84":0,"85":0,"86":0,"87":0,"88":0,"89":0,"90":0,"91":0,"92":0,"93":0,"94":0,"95":0,"96":0,"97":0,"98":0,"99":0,"100":0,"101":0,"102":0,"103":0,"104":0,"105":0,"106":0,"107":0,"108":0,"109":0,"110":0,"111":0,"112":0,"113":0,"114":0,"115":0,"116":0,"117":0,"118":0,"119":0,"120":0,"121":0,"122":0,"123":0,"124":0,"125":0,"126":0,"127":0,"128":0,"129":0,"130":0,"131":0,"132":0,"133":0,"134":0,"135":0,"136":0,"137":0,"138":0,"139":0,"140":0},"f":{"0":0,"1":0,"2":0,"3":0,"4":0,"5":0,"6":0,"7":0,"8":0,"9":0,"10":0,"11":0,"12":0,"13":0,"14":0,"15":0,"16":0,"17":0,"18":0},"b":{"0":[0],"1":[0,0],"2":[0,0],"3":[0,0],"4":[0,0],"5":[0,0],"6":[0,0],"7":[0,0],"8":[0,0],"9":[0,0],"10":[0,0],"11":[0,0],"12":[0,0],"13":[0,0],"14":[0,0],"15":[0,0],"16":[0,0,0],"17":[0,0],"18":[0,0],"19":[0,0],"20":[0,0],"21":[0,0],"22":[0,0],"23":[0,0],"24":[0,0],"25":[0,0],"26":[0,0],"27":[0,0],"28":[0,0,0],"29":[0,0],"30":[0,0,0],"31":[0,0],"32":[0,0,0],"33":[0,0],"34":[0,0],"35":[0,0],"36":[0,0],"37":[0,0],"38":[0,0],"39":[0,0],"40":[0,0],"41":[0,0],"42":[0,0],"43":[0,0],"44":[0,0],"45":[0,0],"46":[0,0],"47":[0,0],"48":[0,0],"49":[0,0]}}
}
