TN:
SF:src\data\chinaProvinces.ts
FN:228,(anonymous_0)
FN:239,(anonymous_1)
FN:250,(anonymous_2)
FN:261,(anonymous_3)
FNF:4
FNH:0
FNDA:0,(anonymous_0)
FNDA:0,(anonymous_1)
FNDA:0,(anonymous_2)
FNDA:0,(anonymous_3)
DA:3,0
DA:224,0
DA:229,0
DA:230,0
DA:231,0
DA:232,0
DA:233,0
DA:240,0
DA:241,0
DA:242,0
DA:243,0
DA:244,0
DA:251,0
DA:252,0
DA:253,0
DA:254,0
DA:255,0
DA:261,0
DA:267,0
DA:268,0
LF:20
LH:0
BRDA:265,0,0,0
BRDA:267,1,0,0
BRDA:267,1,1,0
BRF:3
BRH:0
end_of_record
TN:
SF:src\hooks\useStorage.ts
FN:16,(anonymous_7)
FN:17,(anonymous_8)
FN:23,(anonymous_9)
FN:28,(anonymous_10)
FN:32,(anonymous_11)
FN:32,(anonymous_12)
FN:47,(anonymous_13)
FN:47,(anonymous_14)
FN:61,(anonymous_15)
FN:61,(anonymous_16)
FN:76,(anonymous_17)
FN:76,(anonymous_18)
FN:91,(anonymous_19)
FN:91,(anonymous_20)
FNF:14
FNH:0
FNDA:0,(anonymous_7)
FNDA:0,(anonymous_8)
FNDA:0,(anonymous_9)
FNDA:0,(anonymous_10)
FNDA:0,(anonymous_11)
FNDA:0,(anonymous_12)
FNDA:0,(anonymous_13)
FNDA:0,(anonymous_14)
FNDA:0,(anonymous_15)
FNDA:0,(anonymous_16)
FNDA:0,(anonymous_17)
FNDA:0,(anonymous_18)
FNDA:0,(anonymous_19)
FNDA:0,(anonymous_20)
DA:1,0
DA:2,0
DA:16,0
DA:17,0
DA:18,0
DA:19,0
DA:20,0
DA:23,0
DA:24,0
DA:25,0
DA:28,0
DA:29,0
DA:32,0
DA:33,0
DA:34,0
DA:35,0
DA:36,0
DA:37,0
DA:38,0
DA:40,0
DA:41,0
DA:43,0
DA:47,0
DA:48,0
DA:49,0
DA:50,0
DA:51,0
DA:52,0
DA:54,0
DA:55,0
DA:57,0
DA:61,0
DA:62,0
DA:63,0
DA:64,0
DA:65,0
DA:66,0
DA:67,0
DA:69,0
DA:70,0
DA:72,0
DA:76,0
DA:77,0
DA:78,0
DA:79,0
DA:80,0
DA:81,0
DA:82,0
DA:84,0
DA:85,0
DA:87,0
DA:91,0
DA:92,0
DA:93,0
DA:94,0
DA:95,0
DA:96,0
DA:97,0
DA:99,0
DA:100,0
DA:102,0
DA:106,0
LF:62
LH:0
BRDA:40,0,0,0
BRDA:40,0,1,0
BRDA:54,1,0,0
BRDA:54,1,1,0
BRDA:69,2,0,0
BRDA:69,2,1,0
BRDA:84,3,0,0
BRDA:84,3,1,0
BRDA:99,4,0,0
BRDA:99,4,1,0
BRF:10
BRH:0
end_of_record
TN:
SF:src\utils\conditionEvaluator.ts
FN:12,(anonymous_0)
FN:14,(anonymous_1)
FN:20,(anonymous_2)
FN:36,(anonymous_3)
FN:48,(anonymous_4)
FN:60,(anonymous_5)
FN:87,(anonymous_6)
FN:123,(anonymous_7)
FN:139,(anonymous_8)
FN:143,(anonymous_9)
FN:152,(anonymous_10)
FN:157,(anonymous_11)
FN:172,(anonymous_12)
FN:191,(anonymous_13)
FN:223,(anonymous_14)
FN:234,(anonymous_15)
FN:248,(anonymous_16)
FN:255,(anonymous_17)
FN:266,createConditionEvaluator
FN:273,createStandardConditionEvaluator
FNF:20
FNH:16
FNDA:27,(anonymous_0)
FNDA:198,(anonymous_1)
FNDA:35,(anonymous_2)
FNDA:0,(anonymous_3)
FNDA:0,(anonymous_4)
FNDA:3,(anonymous_5)
FNDA:25,(anonymous_6)
FNDA:210,(anonymous_7)
FNDA:210,(anonymous_8)
FNDA:221,(anonymous_9)
FNDA:16,(anonymous_10)
FNDA:2,(anonymous_11)
FNDA:210,(anonymous_12)
FNDA:2,(anonymous_13)
FNDA:6,(anonymous_14)
FNDA:35,(anonymous_15)
FNDA:1,(anonymous_16)
FNDA:2,(anonymous_17)
FNDA:0,createConditionEvaluator
FNDA:0,createStandardConditionEvaluator
DA:7,1
DA:8,27
DA:9,27
DA:10,27
DA:14,198
DA:21,35
DA:22,35
DA:24,35
DA:25,10
DA:28,25
DA:29,25
DA:30,25
DA:37,0
DA:38,0
DA:39,0
DA:42,0
DA:49,0
DA:50,0
DA:51,0
DA:54,0
DA:61,3
DA:63,3
DA:64,3
DA:66,3
DA:67,91
DA:68,91
DA:71,3
DA:72,1
DA:76,2
DA:78,2
DA:80,1
DA:88,25
DA:91,25
DA:93,25
DA:94,210
DA:95,78
DA:97,78
DA:98,19
DA:100,19
DA:101,13
DA:102,13
DA:103,6
DA:104,6
DA:105,6
DA:111,25
DA:124,210
DA:126,210
DA:129,210
DA:131,17
DA:132,17
DA:140,210
DA:143,210
DA:144,221
DA:145,221
DA:149,210
DA:152,210
DA:153,16
DA:157,210
DA:158,2
DA:162,210
DA:163,210
DA:164,210
DA:166,210
DA:174,210
DA:175,210
DA:176,17
DA:180,193
DA:181,193
DA:182,193
DA:184,0
DA:193,2
DA:194,2
DA:196,2
DA:197,42
DA:198,42
DA:201,2
DA:202,0
DA:206,2
DA:213,2
DA:214,8
DA:215,0
DA:224,6
DA:225,2
DA:226,1
DA:227,0
DA:228,0
DA:235,35
DA:249,1
DA:256,2
DA:266,1
DA:267,0
DA:273,1
DA:274,0
DA:337,0
LF:94
LH:78
BRDA:24,0,0,10
BRDA:24,0,1,25
BRDA:24,1,0,35
BRDA:24,1,1,10
BRDA:38,2,0,0
BRDA:38,2,1,0
BRDA:38,3,0,0
BRDA:38,3,1,0
BRDA:50,4,0,0
BRDA:50,4,1,0
BRDA:50,5,0,0
BRDA:50,5,1,0
BRDA:67,6,0,1
BRDA:67,6,1,90
BRDA:68,7,0,0
BRDA:68,7,1,91
BRDA:71,8,0,1
BRDA:71,8,1,2
BRDA:94,9,0,78
BRDA:94,9,1,132
BRDA:97,10,0,19
BRDA:97,10,1,59
BRDA:100,11,0,13
BRDA:100,11,1,6
BRDA:103,12,0,6
BRDA:103,12,1,0
BRDA:145,13,0,221
BRDA:145,13,1,0
BRDA:158,14,0,2
BRDA:158,14,1,1
BRDA:175,15,0,17
BRDA:175,15,1,193
BRDA:197,16,0,0
BRDA:197,16,1,42
BRDA:198,17,0,0
BRDA:198,17,1,42
BRDA:201,18,0,0
BRDA:201,18,1,2
BRDA:214,19,0,0
BRDA:214,19,1,8
BRDA:224,20,0,4
BRDA:224,20,1,2
BRDA:225,21,0,1
BRDA:225,21,1,1
BRDA:226,22,0,1
BRDA:226,22,1,0
BRDA:227,23,0,0
BRDA:227,23,1,0
BRF:48
BRH:30
end_of_record
TN:
SF:src\utils\storageManager.ts
FN:7,(anonymous_7)
FN:20,(anonymous_8)
FN:33,(anonymous_10)
FN:52,(anonymous_11)
FN:75,(anonymous_12)
FN:103,(anonymous_14)
FN:122,(anonymous_16)
FN:132,(anonymous_17)
FN:139,(anonymous_19)
FN:155,(anonymous_20)
FN:158,(anonymous_22)
FN:172,(anonymous_23)
FN:215,(anonymous_24)
FN:250,(anonymous_25)
FN:278,(anonymous_26)
FN:295,(anonymous_27)
FN:309,(anonymous_28)
FN:310,(anonymous_29)
FN:323,(anonymous_30)
FNF:19
FNH:0
FNDA:0,(anonymous_7)
FNDA:0,(anonymous_8)
FNDA:0,(anonymous_10)
FNDA:0,(anonymous_11)
FNDA:0,(anonymous_12)
FNDA:0,(anonymous_14)
FNDA:0,(anonymous_16)
FNDA:0,(anonymous_17)
FNDA:0,(anonymous_19)
FNDA:0,(anonymous_20)
FNDA:0,(anonymous_22)
FNDA:0,(anonymous_23)
FNDA:0,(anonymous_24)
FNDA:0,(anonymous_25)
FNDA:0,(anonymous_26)
FNDA:0,(anonymous_27)
FNDA:0,(anonymous_28)
FNDA:0,(anonymous_29)
FNDA:0,(anonymous_30)
DA:3,0
DA:13,0
DA:14,0
DA:21,0
DA:23,0
DA:24,0
DA:28,0
DA:31,0
DA:33,0
DA:34,0
DA:38,0
DA:45,0
DA:48,0
DA:49,0
DA:52,0
DA:53,0
DA:56,0
DA:57,0
DA:59,0
DA:62,0
DA:64,0
DA:65,0
DA:67,0
DA:68,0
DA:76,0
DA:77,0
DA:78,0
DA:80,0
DA:81,0
DA:84,0
DA:87,0
DA:88,0
DA:89,0
DA:92,0
DA:93,0
DA:95,0
DA:96,0
DA:104,0
DA:105,0
DA:106,0
DA:108,0
DA:109,0
DA:110,0
DA:111,0
DA:112,0
DA:113,0
DA:114,0
DA:117,0
DA:122,0
DA:124,0
DA:125,0
DA:133,0
DA:134,0
DA:135,0
DA:138,0
DA:139,0
DA:140,0
DA:142,0
DA:144,0
DA:145,0
DA:147,0
DA:148,0
DA:156,0
DA:157,0
DA:158,0
DA:159,0
DA:161,0
DA:162,0
DA:164,0
DA:165,0
DA:173,0
DA:175,0
DA:180,0
DA:181,0
DA:185,0
DA:186,0
DA:187,0
DA:191,0
DA:192,0
DA:196,0
DA:197,0
DA:198,0
DA:202,0
DA:203,0
DA:207,0
DA:209,0
DA:216,0
DA:219,0
DA:220,0
DA:221,0
DA:222,0
DA:227,0
DA:228,0
DA:229,0
DA:230,0
DA:235,0
DA:236,0
DA:240,0
DA:241,0
DA:242,0
DA:244,0
DA:251,0
DA:253,0
DA:268,0
DA:270,0
DA:271,0
DA:279,0
DA:296,0
DA:297,0
DA:298,0
DA:299,0
DA:300,0
DA:303,0
DA:310,0
DA:317,0
DA:324,0
DA:325,0
DA:326,0
DA:327,0
DA:328,0
DA:329,0
DA:330,0
DA:331,0
DA:337,0
DA:338,0
DA:340,0
DA:342,0
DA:343,0
LF:128
LH:0
BRDA:7,0,0,0
BRDA:23,1,0,0
BRDA:23,1,1,0
BRDA:31,2,0,0
BRDA:31,2,1,0
BRDA:41,3,0,0
BRDA:41,3,1,0
BRDA:53,4,0,0
BRDA:53,4,1,0
BRDA:56,5,0,0
BRDA:56,5,1,0
BRDA:80,6,0,0
BRDA:80,6,1,0
BRDA:87,7,0,0
BRDA:87,7,1,0
BRDA:110,8,0,0
BRDA:110,8,1,0
BRDA:113,9,0,0
BRDA:113,9,1,0
BRDA:140,10,0,0
BRDA:140,10,1,0
BRDA:173,11,0,0
BRDA:173,11,1,0
BRDA:173,12,0,0
BRDA:173,12,1,0
BRDA:181,13,0,0
BRDA:181,13,1,0
BRDA:185,14,0,0
BRDA:185,14,1,0
BRDA:191,15,0,0
BRDA:191,15,1,0
BRDA:191,16,0,0
BRDA:191,16,1,0
BRDA:191,16,2,0
BRDA:197,17,0,0
BRDA:197,17,1,0
BRDA:202,18,0,0
BRDA:202,18,1,0
BRDA:202,19,0,0
BRDA:202,19,1,0
BRDA:207,20,0,0
BRDA:207,20,1,0
BRDA:216,21,0,0
BRDA:216,21,1,0
BRDA:216,22,0,0
BRDA:216,22,1,0
BRDA:221,23,0,0
BRDA:221,23,1,0
BRDA:229,24,0,0
BRDA:229,24,1,0
BRDA:229,25,0,0
BRDA:229,25,1,0
BRDA:235,26,0,0
BRDA:235,26,1,0
BRDA:240,27,0,0
BRDA:240,27,1,0
BRDA:240,28,0,0
BRDA:240,28,1,0
BRDA:240,28,2,0
BRDA:241,29,0,0
BRDA:241,29,1,0
BRDA:241,30,0,0
BRDA:241,30,1,0
BRDA:241,30,2,0
BRDA:242,31,0,0
BRDA:242,31,1,0
BRDA:242,32,0,0
BRDA:242,32,1,0
BRDA:242,32,2,0
BRDA:254,33,0,0
BRDA:254,33,1,0
BRDA:255,34,0,0
BRDA:255,34,1,0
BRDA:256,35,0,0
BRDA:256,35,1,0
BRDA:257,36,0,0
BRDA:257,36,1,0
BRDA:258,37,0,0
BRDA:258,37,1,0
BRDA:259,38,0,0
BRDA:259,38,1,0
BRDA:260,39,0,0
BRDA:260,39,1,0
BRDA:261,40,0,0
BRDA:261,40,1,0
BRDA:262,41,0,0
BRDA:262,41,1,0
BRDA:263,42,0,0
BRDA:263,42,1,0
BRDA:264,43,0,0
BRDA:264,43,1,0
BRDA:265,44,0,0
BRDA:265,44,1,0
BRDA:268,45,0,0
BRDA:268,45,1,0
BRDA:299,46,0,0
BRDA:299,46,1,0
BRDA:299,47,0,0
BRDA:299,47,1,0
BRDA:328,48,0,0
BRDA:328,48,1,0
BRDA:330,49,0,0
BRDA:330,49,1,0
BRF:103
BRH:0
end_of_record
